::1 - GET /styles/nprogress.css HTTP/1.1 200 - - 107.589 ms
::1 - GET /styles/main.css HTTP/1.1 200 - - 107.777 ms
::1 - GET /styles/bootstrap.css HTTP/1.1 200 - - 18.990 ms
::1 - GET /scripts/index.js HTTP/1.1 200 - - 109.594 ms
::1 - GET /styles/wangEditor.css HTTP/1.1 200 - - 109.005 ms
::1 - GET /scripts/angular-all.js HTTP/1.1 200 - - 109.486 ms
::1 - GET /api/permission HTTP/1.1 403 - - 3.002 ms
::1 - GET /scripts/channel_manage/view/recommends.html HTTP/1.1 200 - - 1.262 ms
::1 - GET /api/permission HTTP/1.1 403 - - 0.817 ms
::1 - GET /api/permission HTTP/1.1 403 - - 0.805 ms
::1 - GET /api/permission HTTP/1.1 403 - - 0.663 ms
::1 - GET /api/permission HTTP/1.1 403 - - 1.296 ms
::1 - GET /login.html HTTP/1.1 200 - - 1.190 ms
::1 - GET /api/permission HTTP/1.1 403 - - 0.693 ms
::1 - GET /favicon.ico HTTP/1.1 404 150 - 2.998 ms
::1 - POST /api/login HTTP/1.1 200 15 - 25.375 ms
::1 - GET /fonts/glyphicons-halflings-regular.woff HTTP/1.1 200 23320 - 1.189 ms
::1 - GET /api/permission HTTP/1.1 200 - - 0.732 ms
::1 - GET /api/recommends HTTP/1.1 200 770 - 18.922 ms
::1 - GET /upload/images/class.png HTTP/1.1 304 - - 2.638 ms
::1 - GET /upload/images/d_4.png HTTP/1.1 304 - - 2.742 ms
::1 - GET /upload/images/d_2.png HTTP/1.1 304 - - 2.473 ms
::1 - GET /api/products?page=1&productsPage=1&seriesPage=1&type=recommend&uniquePage=1 HTTP/1.1 200 - - 31.093 ms
::1 - GET /upload/images/x_origen_1_l.png,/upload/images/x_origen_2_l.png,/upload/images/x_origen_3_l.png,/upload/images/x_origen_4_l.png,/upload/images/x_origen_5_l.png HTTP/1.1 404 297 - 3.445 ms
::1 - GET /upload/images/x_origen_1_l.png,/upload/images/x_origen_2_l.png,/upload/images/x_origen_3_l.png,/upload/images/x_origen_4_l.png HTTP/1.1 404 265 - 2.954 ms
::1 - GET /upload/images/x_origen_1_l.png,/upload/images/x_origen_2_l.png,/upload/images/x_origen_3_l.png,/upload/images/x_origen_4_l.png,/upload/images/x_origen_5_l.png,/upload/images/x_origen_6_l.png,/upload/images/x_origen_7_l.png HTTP/1.1 404 361 - 3.691 ms
::1 - GET /upload/images/d_3_l.png HTTP/1.1 304 - - 2.272 ms
::1 - GET /upload/images/d_1.png HTTP/1.1 304 - - 3.645 ms
::1 - GET /upload/images/x_origen_1_l.png HTTP/1.1 304 - - 2.722 ms
::1 - GET /upload/images/x_origen_2_l.png HTTP/1.1 304 - - 4.368 ms
::1 - GET /upload/images/x_origen_3_la.png HTTP/1.1 304 - - 3.526 ms
::1 - GET /upload/images/x_origen_4_l.png HTTP/1.1 304 - - 1.730 ms
::1 - GET /upload/images/x_origen_5_l.png HTTP/1.1 304 - - 5.355 ms
::1 - GET /upload/images/d_11.png HTTP/1.1 304 - - 4.153 ms
::1 - GET /upload/images/d_9.png HTTP/1.1 304 - - 2.562 ms
::1 - GET /upload/images/x_origen_6_l.png HTTP/1.1 304 - - 1.042 ms
::1 - GET /upload/images/x_origen_7_l.png HTTP/1.1 304 - - 0.927 ms
::1 - GET /upload/images/x_origen_8_l.png HTTP/1.1 304 - - 1.959 ms
::1 - GET /upload/images/x_hei_2_l.png HTTP/1.1 304 - - 1.555 ms
::1 - GET /upload/images/x_hei_3_l.png HTTP/1.1 304 - - 0.907 ms
::1 - GET /upload/images/x_hei_1_l.png HTTP/1.1 304 - - 1.060 ms
::1 - GET /upload/images/x_origen_9_l.png HTTP/1.1 304 - - 1.492 ms
::1 - GET /upload/images/x_hong_6_l.png HTTP/1.1 304 - - 0.678 ms
::1 - GET /upload/images/x_hong_5_l.png HTTP/1.1 304 - - 0.692 ms
::1 - GET /upload/images/x_hong_7_l.png HTTP/1.1 304 - - 0.829 ms
::1 - GET /upload/images/x_hong_4_l.png HTTP/1.1 304 - - 0.888 ms
::1 - GET /upload/images/x_hong_3_l.png HTTP/1.1 304 - - 0.896 ms
::1 - GET /upload/images/x_hong_2_l.png HTTP/1.1 304 - - 0.928 ms
::1 - GET /upload/images/x_hong_8_l.png HTTP/1.1 304 - - 0.894 ms
::1 - GET /styles/bootstrap.css HTTP/1.1 304 - - 4.152 ms
::1 - GET /styles/main.css HTTP/1.1 304 - - 3.760 ms
::1 - GET /styles/nprogress.css HTTP/1.1 304 - - 3.356 ms
::1 - GET /styles/wangEditor.css HTTP/1.1 304 - - 2.158 ms
::1 - GET / HTTP/1.1 200 - - 4.560 ms
::1 - POST /api/recommends HTTP/1.1 200 15 - 23.110 ms
::1 - GET / HTTP/1.1 200 - - 1.089 ms
::1 - GET /styles/nprogress.css HTTP/1.1 200 - - 6.272 ms
::1 - GET /styles/main.css HTTP/1.1 200 - - 7.360 ms
::1 - GET /styles/wangEditor.css HTTP/1.1 200 - - 10.184 ms
::1 - GET /scripts/index.js HTTP/1.1 200 - - 11.704 ms
::1 - GET /styles/bootstrap.css HTTP/1.1 200 - - 7.316 ms
::1 - GET /scripts/angular-all.js HTTP/1.1 200 - - 11.539 ms
::1 - GET /api/permission HTTP/1.1 200 - - 0.623 ms
::1 - GET /scripts/channel_manage/view/recommends.html HTTP/1.1 200 - - 0.727 ms
::1 - GET /fonts/glyphicons-halflings-regular.woff HTTP/1.1 200 23320 - 1.371 ms
::1 - GET /api/recommends HTTP/1.1 200 1020 - 13.383 ms
::1 - GET /upload/images/class.png HTTP/1.1 200 29000 - 27.055 ms
::1 - GET /upload/images/d_4.png HTTP/1.1 200 99333 - 36.205 ms
::1 - GET /upload/images/d_2.png HTTP/1.1 200 116427 - 63.427 ms
::1 - GET / HTTP/1.1 200 - - 1.018 ms
::1 - GET /styles/main.css HTTP/1.1 200 - - 1.700 ms
::1 - GET /styles/bootstrap.css HTTP/1.1 200 - - 2.171 ms
::1 - GET /styles/nprogress.css HTTP/1.1 200 - - 3.616 ms
::1 - GET /styles/wangEditor.css HTTP/1.1 200 - - 4.589 ms
::1 - GET /scripts/index.js HTTP/1.1 200 - - 4.494 ms
::1 - GET /scripts/angular-all.js HTTP/1.1 200 - - 4.827 ms
::1 - GET /api/permission HTTP/1.1 200 - - 0.571 ms
::1 - GET /scripts/channel_manage/view/recommends.html HTTP/1.1 200 - - 0.965 ms
::1 - GET /fonts/glyphicons-halflings-regular.woff HTTP/1.1 200 23320 - 0.979 ms
::1 - GET /api/recommends HTTP/1.1 200 928 - 14.202 ms
::1 - GET /upload/images/class.png HTTP/1.1 200 29000 - 4.146 ms
::1 - GET /upload/images/d_4.png HTTP/1.1 200 99333 - 3.526 ms
::1 - GET /upload/images/d_2.png HTTP/1.1 200 116427 - 3.181 ms
::1 - GET /api/products?page=1&productsPage=1&seriesPage=1&type=recommend&uniquePage=1 HTTP/1.1 404 97 - 14.474 ms
::1 - GET / HTTP/1.1 200 - - 16.786 ms
::1 - GET /styles/nprogress.css HTTP/1.1 200 - - 8.123 ms
::1 - GET /styles/bootstrap.css HTTP/1.1 200 - - 8.304 ms
::1 - GET /styles/main.css HTTP/1.1 200 - - 7.956 ms
::1 - GET /styles/wangEditor.css HTTP/1.1 200 - - 8.141 ms
::1 - GET /scripts/index.js HTTP/1.1 200 - - 8.504 ms
::1 - GET /scripts/angular-all.js HTTP/1.1 200 - - 8.264 ms
::1 - GET /api/permission HTTP/1.1 403 - - 1.413 ms
::1 - GET /scripts/channel_manage/view/recommends.html HTTP/1.1 200 - - 1.156 ms
::1 - GET /api/permission HTTP/1.1 403 - - 0.829 ms
::1 - GET /login.html HTTP/1.1 200 - - 1.076 ms
::1 - GET /api/permission HTTP/1.1 403 - - 0.743 ms
::1 - POST /api/login HTTP/1.1 200 15 - 27.716 ms
::1 - GET /fonts/glyphicons-halflings-regular.woff HTTP/1.1 200 23320 - 2.251 ms
::1 - GET /api/permission HTTP/1.1 200 - - 0.634 ms
::1 - GET /api/recommends HTTP/1.1 200 25 - 15.939 ms
::1 - GET /api/products?page=1&productsPage=1&seriesPage=1&type=recommend&uniquePage=1 HTTP/1.1 200 - - 35.321 ms
::1 - GET /upload/images/x_origen_1_l.png,/upload/images/x_origen_2_l.png,/upload/images/x_origen_3_l.png,/upload/images/x_origen_4_l.png,/upload/images/x_origen_5_l.png HTTP/1.1 404 297 - 73.044 ms
::1 - GET /upload/images/x_origen_1_l.png,/upload/images/x_origen_2_l.png,/upload/images/x_origen_3_l.png,/upload/images/x_origen_4_l.png HTTP/1.1 404 265 - 7.986 ms
::1 - GET /upload/images/x_origen_1_l.png,/upload/images/x_origen_2_l.png,/upload/images/x_origen_3_l.png,/upload/images/x_origen_4_l.png,/upload/images/x_origen_5_l.png,/upload/images/x_origen_6_l.png,/upload/images/x_origen_7_l.png HTTP/1.1 404 361 - 8.109 ms
::1 - GET /upload/images/d_1.png HTTP/1.1 200 128761 - 47.302 ms
::1 - GET /upload/images/d_11.png HTTP/1.1 200 117264 - 45.808 ms
::1 - GET /upload/images/x_origen_2_l.png HTTP/1.1 200 365083 - 101.330 ms
::1 - GET /upload/images/d_2_l.png HTTP/1.1 200 404617 - 81.917 ms
::1 - GET /upload/images/d_4.png HTTP/1.1 200 99333 - 13.515 ms
::1 - GET /upload/images/d_3_l.png HTTP/1.1 200 402176 - 27.060 ms
::1 - GET /upload/images/x_origen_1_l.png HTTP/1.1 200 674452 - 41.676 ms
::1 - GET /upload/images/x_origen_3_la.png HTTP/1.1 200 978135 - 92.173 ms
::1 - GET /upload/images/d_9.png HTTP/1.1 200 102008 - 67.242 ms
::1 - GET /upload/images/x_origen_4_l.png HTTP/1.1 200 339293 - 69.498 ms
::1 - GET /upload/images/x_origen_5_l.png HTTP/1.1 200 433562 - 19.426 ms
::1 - GET /upload/images/x_origen_7_l.png HTTP/1.1 200 521005 - 64.924 ms
::1 - GET /upload/images/x_origen_6_l.png HTTP/1.1 200 709312 - 58.892 ms
::1 - GET /upload/images/x_origen_8_l.png HTTP/1.1 200 606070 - 80.456 ms
::1 - GET /upload/images/x_hei_2_l.png HTTP/1.1 200 1287832 - 66.582 ms
::1 - GET /upload/images/x_origen_9_l.png HTTP/1.1 200 433174 - 36.175 ms
::1 - GET /upload/images/x_hei_3_l.png HTTP/1.1 200 1602221 - 57.601 ms
::1 - GET /upload/images/x_hei_1_l.png HTTP/1.1 200 1591508 - 77.577 ms
::1 - GET /upload/images/x_hong_7_l.png HTTP/1.1 200 254122 - 58.457 ms
::1 - GET /upload/images/x_hong_5_l.png HTTP/1.1 200 455783 - 48.493 ms
::1 - GET /upload/images/x_hong_6_l.png HTTP/1.1 200 415149 - 48.228 ms
::1 - GET /upload/images/x_hong_2_l.png HTTP/1.1 200 352456 - 84.967 ms
::1 - GET /upload/images/x_hong_3_l.png HTTP/1.1 200 354905 - 78.864 ms
::1 - GET /upload/images/x_hong_4_l.png HTTP/1.1 200 640761 - 13.358 ms
::1 - GET /upload/images/x_hong_8_l.png HTTP/1.1 200 324828 - 2.297 ms
::1 - POST /api/recommends HTTP/1.1 200 15 - 35.687 ms
::1 - GET / HTTP/1.1 200 - - 1.269 ms
::1 - GET /styles/bootstrap.css HTTP/1.1 200 - - 2.085 ms
::1 - GET /styles/nprogress.css HTTP/1.1 200 - - 8.078 ms
::1 - GET /styles/main.css HTTP/1.1 200 - - 7.944 ms
::1 - GET /styles/wangEditor.css HTTP/1.1 200 - - 8.087 ms
::1 - GET /scripts/index.js HTTP/1.1 200 - - 7.458 ms
::1 - GET /scripts/angular-all.js HTTP/1.1 200 - - 7.505 ms
::1 - GET /api/permission HTTP/1.1 200 - - 0.628 ms
::1 - GET /scripts/channel_manage/view/recommends.html HTTP/1.1 200 - - 0.954 ms
::1 - GET /fonts/glyphicons-halflings-regular.woff HTTP/1.1 200 23320 - 1.002 ms
::1 - GET /api/recommends HTTP/1.1 200 769 - 13.293 ms
::1 - GET /upload/images/class.png HTTP/1.1 200 29000 - 6.021 ms
::1 - GET /upload/images/d_2.png HTTP/1.1 200 116427 - 3.997 ms
::1 - GET /upload/images/d_4.png HTTP/1.1 200 99333 - 4.025 ms
::1 - GET /api/products?page=1&productsPage=1&seriesPage=1&type=recommend&uniquePage=1 HTTP/1.1 200 - - 36.579 ms
::1 - GET /upload/images/x_origen_1_l.png,/upload/images/x_origen_2_l.png,/upload/images/x_origen_3_l.png,/upload/images/x_origen_4_l.png,/upload/images/x_origen_5_l.png HTTP/1.1 404 297 - 8.161 ms
::1 - GET /upload/images/x_origen_1_l.png,/upload/images/x_origen_2_l.png,/upload/images/x_origen_3_l.png,/upload/images/x_origen_4_l.png HTTP/1.1 404 265 - 7.294 ms
::1 - GET /upload/images/x_origen_1_l.png,/upload/images/x_origen_2_l.png,/upload/images/x_origen_3_l.png,/upload/images/x_origen_4_l.png,/upload/images/x_origen_5_l.png,/upload/images/x_origen_6_l.png,/upload/images/x_origen_7_l.png HTTP/1.1 404 361 - 6.107 ms
::1 - GET /upload/images/d_1.png HTTP/1.1 200 128761 - 9.108 ms
::1 - GET /upload/images/d_3_l.png HTTP/1.1 200 402176 - 8.647 ms
::1 - GET /upload/images/x_origen_1_l.png HTTP/1.1 200 674452 - 7.672 ms
::1 - GET /upload/images/x_origen_2_l.png HTTP/1.1 200 365083 - 3.986 ms
::1 - GET /upload/images/x_origen_3_la.png HTTP/1.1 200 978135 - 1.212 ms
::1 - GET /upload/images/x_origen_4_l.png HTTP/1.1 200 339293 - 4.402 ms
::1 - GET /upload/images/x_origen_5_l.png HTTP/1.1 200 433562 - 4.510 ms
::1 - GET /upload/images/x_origen_6_l.png HTTP/1.1 200 709312 - 2.809 ms
::1 - GET /upload/images/x_origen_7_l.png HTTP/1.1 200 521005 - 2.656 ms
::1 - GET /upload/images/x_origen_8_l.png HTTP/1.1 200 606070 - 2.156 ms
::1 - GET /upload/images/x_hei_2_l.png HTTP/1.1 200 1287832 - 1.090 ms
::1 - GET /upload/images/d_11.png HTTP/1.1 200 117264 - 1.284 ms
::1 - GET /upload/images/d_9.png HTTP/1.1 200 102008 - 1.778 ms
::1 - GET /upload/images/x_origen_9_l.png HTTP/1.1 200 433174 - 1.154 ms
::1 - GET /upload/images/x_hong_6_l.png HTTP/1.1 200 415149 - 1.226 ms
::1 - GET /upload/images/x_hong_5_l.png HTTP/1.1 200 455783 - 1.051 ms
::1 - GET /upload/images/x_hong_7_l.png HTTP/1.1 200 254122 - 1.022 ms
::1 - GET /upload/images/x_hong_4_l.png HTTP/1.1 200 640761 - 1.128 ms
::1 - GET /upload/images/x_hong_3_l.png HTTP/1.1 200 354905 - 1.657 ms
::1 - GET /upload/images/x_hong_2_l.png HTTP/1.1 200 352456 - 1.160 ms
::1 - GET /upload/images/x_hong_8_l.png HTTP/1.1 200 324828 - 1.412 ms
::1 - GET /upload/images/x_hei_3_l.png HTTP/1.1 200 1602221 - 2.481 ms
::1 - GET /upload/images/x_hei_1_l.png HTTP/1.1 200 1591508 - 0.945 ms
::1 - POST /api/recommends HTTP/1.1 200 15 - 18.769 ms
::1 - GET / HTTP/1.1 200 - - 1.269 ms
::1 - GET /styles/nprogress.css HTTP/1.1 200 - - 5.858 ms
::1 - GET /styles/main.css HTTP/1.1 200 - - 8.289 ms
::1 - GET /styles/wangEditor.css HTTP/1.1 200 - - 5.549 ms
::1 - GET /scripts/index.js HTTP/1.1 200 - - 4.663 ms
::1 - GET /styles/bootstrap.css HTTP/1.1 200 - - 8.919 ms
::1 - GET /scripts/angular-all.js HTTP/1.1 200 - - 5.168 ms
::1 - GET /api/permission HTTP/1.1 200 - - 0.742 ms
::1 - GET /scripts/channel_manage/view/recommends.html HTTP/1.1 200 - - 0.824 ms
::1 - GET /fonts/glyphicons-halflings-regular.woff HTTP/1.1 200 23320 - 1.056 ms
::1 - GET /api/recommends HTTP/1.1 200 1018 - 16.463 ms
::1 - GET /upload/images/class.png HTTP/1.1 200 29000 - 3.832 ms
::1 - GET /upload/images/d_2.png HTTP/1.1 200 116427 - 3.122 ms
::1 - GET /upload/images/d_4.png HTTP/1.1 200 99333 - 3.561 ms
::1 - GET / HTTP/1.1 200 - - 17.440 ms
::1 - GET /styles/main.css HTTP/1.1 200 - - 12.490 ms
::1 - GET /styles/nprogress.css HTTP/1.1 200 - - 13.345 ms
::1 - GET /styles/wangEditor.css HTTP/1.1 200 - - 11.721 ms
::1 - GET /scripts/index.js HTTP/1.1 200 - - 12.089 ms
::1 - GET /styles/bootstrap.css HTTP/1.1 200 - - 12.719 ms
::1 - GET /scripts/angular-all.js HTTP/1.1 200 - - 12.508 ms
::1 - GET /api/permission HTTP/1.1 403 - - 1.427 ms
::1 - GET /scripts/channel_manage/view/recommends.html HTTP/1.1 200 - - 0.991 ms
::1 - GET /api/permission HTTP/1.1 403 - - 0.939 ms
::1 - GET /login.html HTTP/1.1 200 - - 1.129 ms
::1 - GET /api/permission HTTP/1.1 403 - - 0.917 ms
::1 - POST /api/login HTTP/1.1 200 15 - 34.631 ms
::1 - GET /fonts/glyphicons-halflings-regular.woff HTTP/1.1 200 23320 - 1.212 ms
::1 - GET /api/permission HTTP/1.1 200 - - 0.807 ms
::1 - GET /api/recommends HTTP/1.1 200 25 - 25.618 ms
::1 - GET /api/products?page=1&productsPage=1&seriesPage=1&type=recommend&uniquePage=1 HTTP/1.1 200 - - 31.329 ms
::1 - GET /upload/images/x_origen_1_l.png,/upload/images/x_origen_2_l.png,/upload/images/x_origen_3_l.png,/upload/images/x_origen_4_l.png,/upload/images/x_origen_5_l.png HTTP/1.1 404 297 - 14.272 ms
::1 - GET /upload/images/x_origen_1_l.png,/upload/images/x_origen_2_l.png,/upload/images/x_origen_3_l.png,/upload/images/x_origen_4_l.png HTTP/1.1 404 265 - 11.075 ms
::1 - GET /upload/images/x_origen_1_l.png,/upload/images/x_origen_2_l.png,/upload/images/x_origen_3_l.png,/upload/images/x_origen_4_l.png,/upload/images/x_origen_5_l.png,/upload/images/x_origen_6_l.png,/upload/images/x_origen_7_l.png HTTP/1.1 404 361 - 9.799 ms
::1 - GET /upload/images/d_1.png HTTP/1.1 200 128761 - 11.880 ms
::1 - GET /upload/images/d_3_l.png HTTP/1.1 200 402176 - 12.026 ms
::1 - GET /upload/images/d_2_l.png HTTP/1.1 200 404617 - 10.922 ms
::1 - GET /upload/images/x_origen_2_l.png HTTP/1.1 200 365083 - 5.220 ms
::1 - GET /upload/images/x_origen_1_l.png HTTP/1.1 200 674452 - 5.997 ms
::1 - GET /upload/images/x_origen_4_l.png HTTP/1.1 200 339293 - 5.226 ms
::1 - GET /upload/images/x_origen_3_la.png HTTP/1.1 200 978135 - 4.958 ms
::1 - GET /upload/images/x_origen_5_l.png HTTP/1.1 200 433562 - 6.580 ms
::1 - GET /upload/images/d_9.png HTTP/1.1 200 102008 - 3.138 ms
::1 - GET /upload/images/x_origen_6_l.png HTTP/1.1 200 709312 - 5.825 ms
::1 - GET /upload/images/d_4.png HTTP/1.1 200 99333 - 3.479 ms
::1 - GET /upload/images/x_origen_7_l.png HTTP/1.1 200 521005 - 1.325 ms
::1 - GET /upload/images/x_origen_8_l.png HTTP/1.1 200 606070 - 1.034 ms
::1 - GET /upload/images/x_origen_9_l.png HTTP/1.1 200 433174 - 2.163 ms
::1 - GET /upload/images/x_hong_6_l.png HTTP/1.1 200 415149 - 1.130 ms
::1 - GET /upload/images/x_hei_2_l.png HTTP/1.1 200 1287832 - 1.148 ms
::1 - GET /upload/images/x_hong_5_l.png HTTP/1.1 200 455783 - 1.198 ms
::1 - GET /upload/images/x_hong_7_l.png HTTP/1.1 200 254122 - 3.908 ms
::1 - GET /upload/images/x_hong_3_l.png HTTP/1.1 200 354905 - 1.264 ms
::1 - GET /upload/images/x_hong_4_l.png HTTP/1.1 200 640761 - 2.795 ms
::1 - GET /upload/images/x_hong_2_l.png HTTP/1.1 200 352456 - 1.058 ms
::1 - GET /upload/images/x_hong_8_l.png HTTP/1.1 200 324828 - 1.447 ms
::1 - GET /upload/images/d_11.png HTTP/1.1 200 117264 - 1.134 ms
::1 - GET /upload/images/x_hei_1_l.png HTTP/1.1 200 1591508 - 0.892 ms
::1 - GET /upload/images/x_hei_3_l.png HTTP/1.1 200 1602221 - 1.290 ms
::1 - POST /api/recommends HTTP/1.1 200 15 - 30.121 ms
::1 - GET / HTTP/1.1 200 - - 1.241 ms
::1 - GET /styles/nprogress.css HTTP/1.1 200 - - 7.475 ms
::1 - GET /styles/main.css HTTP/1.1 200 - - 8.236 ms
::1 - GET /styles/wangEditor.css HTTP/1.1 200 - - 7.594 ms
::1 - GET /styles/bootstrap.css HTTP/1.1 200 - - 8.660 ms
::1 - GET /scripts/index.js HTTP/1.1 200 - - 8.662 ms
::1 - GET /scripts/angular-all.js HTTP/1.1 200 - - 7.468 ms
::1 - GET /api/permission HTTP/1.1 200 - - 0.662 ms
::1 - GET /scripts/channel_manage/view/recommends.html HTTP/1.1 200 - - 0.926 ms
::1 - GET /fonts/glyphicons-halflings-regular.woff HTTP/1.1 200 23320 - 0.976 ms
::1 - GET /api/recommends HTTP/1.1 200 771 - 11.429 ms
::1 - GET /upload/images/class.png HTTP/1.1 200 29000 - 1.167 ms
::1 - GET /upload/images/d_2.png HTTP/1.1 200 116427 - 2.161 ms
::1 - GET /upload/images/d_4.png HTTP/1.1 200 99333 - 1.867 ms
::1 - GET /api/products?page=1&productsPage=1&seriesPage=1&type=recommend&uniquePage=1 HTTP/1.1 200 - - 32.932 ms
::1 - GET /upload/images/x_origen_1_l.png,/upload/images/x_origen_2_l.png,/upload/images/x_origen_3_l.png,/upload/images/x_origen_4_l.png,/upload/images/x_origen_5_l.png HTTP/1.1 404 297 - 2.639 ms
::1 - GET /upload/images/x_origen_1_l.png,/upload/images/x_origen_2_l.png,/upload/images/x_origen_3_l.png,/upload/images/x_origen_4_l.png HTTP/1.1 404 265 - 5.671 ms
::1 - GET /upload/images/d_1.png HTTP/1.1 200 128761 - 5.148 ms
::1 - GET /upload/images/x_origen_1_l.png,/upload/images/x_origen_2_l.png,/upload/images/x_origen_3_l.png,/upload/images/x_origen_4_l.png,/upload/images/x_origen_5_l.png,/upload/images/x_origen_6_l.png,/upload/images/x_origen_7_l.png HTTP/1.1 404 361 - 5.444 ms
::1 - GET /upload/images/d_3_l.png HTTP/1.1 200 402176 - 5.185 ms
::1 - GET /upload/images/x_origen_1_l.png HTTP/1.1 200 674452 - 4.907 ms
::1 - GET /upload/images/x_origen_2_l.png HTTP/1.1 200 365083 - 5.615 ms
::1 - GET /upload/images/x_origen_4_l.png HTTP/1.1 200 339293 - 6.381 ms
::1 - GET /upload/images/x_origen_5_l.png HTTP/1.1 200 433562 - 4.899 ms
::1 - GET /upload/images/x_origen_3_la.png HTTP/1.1 200 978135 - 6.219 ms
::1 - GET /upload/images/x_origen_6_l.png HTTP/1.1 200 709312 - 7.645 ms
::1 - GET /upload/images/x_origen_7_l.png HTTP/1.1 200 521005 - 40.475 ms
::1 - GET /upload/images/x_origen_8_l.png HTTP/1.1 200 606070 - 44.289 ms
::1 - GET /upload/images/x_hei_2_l.png HTTP/1.1 200 1287832 - 4.608 ms
::1 - GET /upload/images/d_9.png HTTP/1.1 200 102008 - 1.128 ms
::1 - GET /upload/images/x_origen_9_l.png HTTP/1.1 200 433174 - 0.982 ms
::1 - GET /upload/images/x_hong_6_l.png HTTP/1.1 200 415149 - 1.279 ms
::1 - GET /upload/images/x_hong_7_l.png HTTP/1.1 200 254122 - 1.776 ms
::1 - GET /upload/images/x_hong_5_l.png HTTP/1.1 200 455783 - 1.955 ms
::1 - GET /upload/images/x_hong_4_l.png HTTP/1.1 200 640761 - 1.277 ms
::1 - GET /upload/images/x_hong_3_l.png HTTP/1.1 200 354905 - 1.715 ms
::1 - GET /upload/images/x_hong_2_l.png HTTP/1.1 200 352456 - 1.107 ms
::1 - GET /upload/images/x_hong_8_l.png HTTP/1.1 200 324828 - 1.133 ms
::1 - GET /upload/images/d_11.png HTTP/1.1 200 117264 - 1.041 ms
::1 - GET /upload/images/x_hei_3_l.png HTTP/1.1 200 1602221 - 1.736 ms
::1 - GET /upload/images/x_hei_1_l.png HTTP/1.1 200 1591508 - 1.009 ms
::1 - GET / HTTP/1.1 200 - - 16.323 ms
::1 - GET /styles/nprogress.css HTTP/1.1 200 - - 13.407 ms
::1 - GET /styles/main.css HTTP/1.1 200 - - 10.929 ms
::1 - GET /styles/wangEditor.css HTTP/1.1 200 - - 12.835 ms
::1 - GET /styles/bootstrap.css HTTP/1.1 200 - - 9.749 ms
::1 - GET /scripts/index.js HTTP/1.1 200 - - 13.018 ms
::1 - GET /scripts/angular-all.js HTTP/1.1 200 - - 13.160 ms
::1 - GET /api/permission HTTP/1.1 403 - - 2.810 ms
::1 - GET /scripts/channel_manage/view/recommends.html HTTP/1.1 200 - - 1.229 ms
::1 - GET /api/permission HTTP/1.1 403 - - 1.330 ms
::1 - GET /login.html HTTP/1.1 200 - - 2.357 ms
::1 - GET /api/permission HTTP/1.1 403 - - 1.235 ms
::1 - POST /api/login HTTP/1.1 200 15 - 23.655 ms
::1 - GET /fonts/glyphicons-halflings-regular.woff HTTP/1.1 200 23320 - 2.093 ms
::1 - GET /api/permission HTTP/1.1 200 - - 1.214 ms
::1 - GET /api/recommends HTTP/1.1 200 25 - 18.427 ms
::1 - GET /api/products?page=1&productsPage=1&seriesPage=1&type=recommend&uniquePage=1 HTTP/1.1 200 - - 43.784 ms
::1 - GET /upload/images/x_origen_1_l.png,/upload/images/x_origen_2_l.png,/upload/images/x_origen_3_l.png,/upload/images/x_origen_4_l.png,/upload/images/x_origen_5_l.png HTTP/1.1 404 297 - 4.317 ms
::1 - GET /upload/images/x_origen_1_l.png,/upload/images/x_origen_2_l.png,/upload/images/x_origen_3_l.png,/upload/images/x_origen_4_l.png HTTP/1.1 404 265 - 3.137 ms
::1 - GET /upload/images/x_origen_1_l.png,/upload/images/x_origen_2_l.png,/upload/images/x_origen_3_l.png,/upload/images/x_origen_4_l.png,/upload/images/x_origen_5_l.png,/upload/images/x_origen_6_l.png,/upload/images/x_origen_7_l.png HTTP/1.1 404 361 - 3.179 ms
::1 - GET /upload/images/d_1.png HTTP/1.1 200 128761 - 7.611 ms
::1 - GET /upload/images/d_3_l.png HTTP/1.1 200 402176 - 4.951 ms
::1 - GET /upload/images/d_2_l.png HTTP/1.1 200 404617 - 4.465 ms
::1 - GET /upload/images/x_origen_2_l.png HTTP/1.1 200 365083 - 9.156 ms
::1 - GET /upload/images/x_origen_4_l.png HTTP/1.1 200 339293 - 8.739 ms
::1 - GET /upload/images/x_origen_5_l.png HTTP/1.1 200 433562 - 7.852 ms
::1 - GET /upload/images/x_origen_1_l.png HTTP/1.1 200 674452 - 10.855 ms
::1 - GET /upload/images/x_origen_6_l.png HTTP/1.1 200 709312 - 7.327 ms
::1 - GET /upload/images/x_origen_3_la.png HTTP/1.1 200 978135 - 9.902 ms
::1 - GET /upload/images/x_origen_7_l.png HTTP/1.1 200 521005 - 8.532 ms
::1 - GET /upload/images/x_origen_8_l.png HTTP/1.1 200 606070 - 5.567 ms
::1 - GET /upload/images/x_hei_2_l.png HTTP/1.1 200 1287832 - 3.967 ms
::1 - GET /upload/images/d_11.png HTTP/1.1 200 117264 - 1.403 ms
::1 - GET /upload/images/d_9.png HTTP/1.1 200 102008 - 1.186 ms
::1 - GET /upload/images/d_4.png HTTP/1.1 200 99333 - 1.503 ms
::1 - GET /upload/images/x_origen_9_l.png HTTP/1.1 200 433174 - 2.819 ms
::1 - GET /upload/images/x_hong_6_l.png HTTP/1.1 200 415149 - 2.633 ms
::1 - GET /upload/images/x_hong_7_l.png HTTP/1.1 200 254122 - 2.300 ms
::1 - GET /upload/images/x_hong_5_l.png HTTP/1.1 200 455783 - 2.855 ms
::1 - GET /upload/images/x_hong_4_l.png HTTP/1.1 200 640761 - 2.823 ms
::1 - GET /upload/images/x_hong_3_l.png HTTP/1.1 200 354905 - 1.647 ms
::1 - GET /upload/images/x_hong_2_l.png HTTP/1.1 200 352456 - 1.284 ms
::1 - GET /upload/images/x_hong_8_l.png HTTP/1.1 200 324828 - 1.183 ms
::1 - GET /upload/images/x_hei_3_l.png HTTP/1.1 200 1602221 - 1.905 ms
::1 - GET /upload/images/x_hei_1_l.png HTTP/1.1 200 1591508 - 1.274 ms
::1 - POST /api/recommends HTTP/1.1 404 95 - 20.298 ms
::1 - GET / HTTP/1.1 200 - - 1.475 ms
::1 - GET /styles/nprogress.css HTTP/1.1 200 - - 10.893 ms
::1 - GET /styles/main.css HTTP/1.1 200 - - 11.152 ms
::1 - GET /styles/wangEditor.css HTTP/1.1 200 - - 11.092 ms
::1 - GET /styles/bootstrap.css HTTP/1.1 200 - - 7.426 ms
::1 - GET /scripts/index.js HTTP/1.1 200 - - 8.125 ms
::1 - GET /scripts/angular-all.js HTTP/1.1 200 - - 8.384 ms
::1 - GET /api/permission HTTP/1.1 200 - - 0.620 ms
::1 - GET /scripts/channel_manage/view/recommends.html HTTP/1.1 200 - - 0.701 ms
::1 - GET /fonts/glyphicons-halflings-regular.woff HTTP/1.1 200 23320 - 0.995 ms
::1 - GET /api/recommends HTTP/1.1 200 522 - 20.402 ms
::1 - GET /upload/images/d_4.png HTTP/1.1 200 99333 - 4.164 ms
::1 - GET /upload/images/d_2.png HTTP/1.1 200 116427 - 2.930 ms
::1 - GET / HTTP/1.1 200 - - 1.469 ms
::1 - GET /styles/bootstrap.css HTTP/1.1 200 - - 1.623 ms
::1 - GET /styles/nprogress.css HTTP/1.1 200 - - 8.568 ms
::1 - GET /styles/main.css HTTP/1.1 200 - - 9.866 ms
::1 - GET /styles/wangEditor.css HTTP/1.1 200 - - 8.411 ms
::1 - GET /scripts/index.js HTTP/1.1 200 - - 16.819 ms
::1 - GET /scripts/angular-all.js HTTP/1.1 200 - - 11.812 ms
::1 - GET /api/permission HTTP/1.1 200 - - 0.455 ms
::1 - GET /scripts/channel_manage/view/recommends.html HTTP/1.1 200 - - 1.148 ms
::1 - GET /fonts/glyphicons-halflings-regular.woff HTTP/1.1 200 23320 - 1.121 ms
::1 - GET /api/recommends HTTP/1.1 200 25 - 15.990 ms
::1 - GET /api/products?page=1&productsPage=1&seriesPage=1&type=recommend&uniquePage=1 HTTP/1.1 200 - - 34.514 ms
::1 - GET /upload/images/x_origen_1_l.png,/upload/images/x_origen_2_l.png,/upload/images/x_origen_3_l.png,/upload/images/x_origen_4_l.png,/upload/images/x_origen_5_l.png HTTP/1.1 404 297 - 14.204 ms
::1 - GET /upload/images/x_origen_1_l.png,/upload/images/x_origen_2_l.png,/upload/images/x_origen_3_l.png,/upload/images/x_origen_4_l.png HTTP/1.1 404 265 - 13.231 ms
::1 - GET /upload/images/x_origen_1_l.png,/upload/images/x_origen_2_l.png,/upload/images/x_origen_3_l.png,/upload/images/x_origen_4_l.png,/upload/images/x_origen_5_l.png,/upload/images/x_origen_6_l.png,/upload/images/x_origen_7_l.png HTTP/1.1 404 361 - 6.992 ms
::1 - GET /upload/images/d_1.png HTTP/1.1 200 128761 - 9.603 ms
::1 - GET /upload/images/d_3_l.png HTTP/1.1 200 402176 - 15.452 ms
::1 - GET /upload/images/d_2_l.png HTTP/1.1 200 404617 - 7.283 ms
::1 - GET /upload/images/x_origen_2_l.png HTTP/1.1 200 365083 - 2.038 ms
::1 - GET /upload/images/x_origen_1_l.png HTTP/1.1 200 674452 - 4.904 ms
::1 - GET /upload/images/x_origen_4_l.png HTTP/1.1 200 339293 - 2.254 ms
::1 - GET /upload/images/x_origen_3_la.png HTTP/1.1 200 978135 - 1.980 ms
::1 - GET /upload/images/d_4.png HTTP/1.1 200 99333 - 4.414 ms
::1 - GET /upload/images/d_11.png HTTP/1.1 200 117264 - 3.759 ms
::1 - GET /upload/images/d_9.png HTTP/1.1 200 102008 - 3.837 ms
::1 - GET /upload/images/x_origen_5_l.png HTTP/1.1 200 433562 - 57.511 ms
::1 - GET /upload/images/x_origen_7_l.png HTTP/1.1 200 521005 - 4.642 ms
::1 - GET /upload/images/x_origen_6_l.png HTTP/1.1 200 709312 - 4.134 ms
::1 - GET /upload/images/x_origen_8_l.png HTTP/1.1 200 606070 - 4.086 ms
::1 - GET /upload/images/x_hei_2_l.png HTTP/1.1 200 1287832 - 3.395 ms
::1 - GET /upload/images/x_origen_9_l.png HTTP/1.1 200 433174 - 1.116 ms
::1 - GET /upload/images/x_hong_6_l.png HTTP/1.1 200 415149 - 1.060 ms
::1 - GET /upload/images/x_hong_5_l.png HTTP/1.1 200 455783 - 1.175 ms
::1 - GET /upload/images/x_hong_7_l.png HTTP/1.1 200 254122 - 1.094 ms
::1 - GET /upload/images/x_hong_4_l.png HTTP/1.1 200 640761 - 1.159 ms
::1 - GET /upload/images/x_hong_3_l.png HTTP/1.1 200 354905 - 1.604 ms
::1 - GET /upload/images/x_hong_2_l.png HTTP/1.1 200 352456 - 2.622 ms
::1 - GET /upload/images/x_hong_8_l.png HTTP/1.1 200 324828 - 1.472 ms
::1 - GET /upload/images/x_hei_3_l.png HTTP/1.1 200 1602221 - 4.609 ms
::1 - GET /upload/images/x_hei_1_l.png HTTP/1.1 200 1591508 - 2.734 ms
::1 - POST /api/recommends HTTP/1.1 200 15 - 28.777 ms
::1 - GET / HTTP/1.1 200 - - 1.075 ms
::1 - GET /styles/main.css HTTP/1.1 200 - - 6.988 ms
::1 - GET /styles/nprogress.css HTTP/1.1 200 - - 7.103 ms
::1 - GET /styles/wangEditor.css HTTP/1.1 200 - - 7.036 ms
::1 - GET /scripts/index.js HTTP/1.1 200 - - 7.801 ms
::1 - GET /styles/bootstrap.css HTTP/1.1 200 - - 7.866 ms
::1 - GET /scripts/angular-all.js HTTP/1.1 200 - - 7.703 ms
::1 - GET /api/permission HTTP/1.1 200 - - 0.616 ms
::1 - GET /scripts/channel_manage/view/recommends.html HTTP/1.1 200 - - 0.908 ms
::1 - GET /fonts/glyphicons-halflings-regular.woff HTTP/1.1 200 23320 - 1.004 ms
::1 - GET /api/recommends HTTP/1.1 200 777 - 17.695 ms
::1 - GET /upload/images/class.png HTTP/1.1 200 29000 - 3.123 ms
::1 - GET /upload/images/d_4.png HTTP/1.1 200 99333 - 3.726 ms
::1 - GET /upload/images/d_2.png HTTP/1.1 200 116427 - 2.418 ms
::1 - GET /api/products?page=1&productsPage=1&seriesPage=1&type=recommend&uniquePage=1 HTTP/1.1 200 - - 32.811 ms
::1 - GET /upload/images/x_origen_1_l.png,/upload/images/x_origen_2_l.png,/upload/images/x_origen_3_l.png,/upload/images/x_origen_4_l.png,/upload/images/x_origen_5_l.png HTTP/1.1 404 297 - 2.680 ms
::1 - GET /upload/images/x_origen_1_l.png,/upload/images/x_origen_2_l.png,/upload/images/x_origen_3_l.png,/upload/images/x_origen_4_l.png HTTP/1.1 404 265 - 3.992 ms
::1 - GET /upload/images/d_1.png HTTP/1.1 200 128761 - 1.847 ms
::1 - GET /upload/images/d_3_l.png HTTP/1.1 200 402176 - 4.181 ms
::1 - GET /upload/images/x_origen_1_l.png,/upload/images/x_origen_2_l.png,/upload/images/x_origen_3_l.png,/upload/images/x_origen_4_l.png,/upload/images/x_origen_5_l.png,/upload/images/x_origen_6_l.png,/upload/images/x_origen_7_l.png HTTP/1.1 404 361 - 2.257 ms
::1 - GET /upload/images/x_origen_1_l.png HTTP/1.1 200 674452 - 1.874 ms
::1 - GET /upload/images/x_origen_2_l.png HTTP/1.1 200 365083 - 4.102 ms
::1 - GET /upload/images/x_origen_4_l.png HTTP/1.1 200 339293 - 9.190 ms
::1 - GET /upload/images/x_origen_5_l.png HTTP/1.1 200 433562 - 8.949 ms
::1 - GET /upload/images/x_origen_3_la.png HTTP/1.1 200 978135 - 3.497 ms
::1 - GET /upload/images/x_origen_6_l.png HTTP/1.1 200 709312 - 3.881 ms
::1 - GET /upload/images/x_origen_7_l.png HTTP/1.1 200 521005 - 1.482 ms
::1 - GET /upload/images/x_origen_8_l.png HTTP/1.1 200 606070 - 1.495 ms
::1 - GET /upload/images/x_hei_2_l.png HTTP/1.1 200 1287832 - 3.190 ms
::1 - GET /upload/images/d_9.png HTTP/1.1 200 102008 - 2.136 ms
::1 - GET /upload/images/d_11.png HTTP/1.1 200 117264 - 1.076 ms
::1 - GET /upload/images/x_origen_9_l.png HTTP/1.1 200 433174 - 1.255 ms
::1 - GET /upload/images/x_hong_6_l.png HTTP/1.1 200 415149 - 1.098 ms
::1 - GET /upload/images/x_hong_5_l.png HTTP/1.1 200 455783 - 1.394 ms
::1 - GET /upload/images/x_hong_7_l.png HTTP/1.1 200 254122 - 2.232 ms
::1 - GET /upload/images/x_hong_4_l.png HTTP/1.1 200 640761 - 1.275 ms
::1 - GET /upload/images/x_hong_3_l.png HTTP/1.1 200 354905 - 4.129 ms
::1 - GET /upload/images/x_hong_2_l.png HTTP/1.1 200 352456 - 0.998 ms
::1 - GET /upload/images/x_hong_8_l.png HTTP/1.1 200 324828 - 1.546 ms
::1 - GET /upload/images/x_hei_3_l.png HTTP/1.1 200 1602221 - 1.279 ms
::1 - GET /upload/images/x_hei_1_l.png HTTP/1.1 200 1591508 - 1.358 ms
::1 - GET /api/products?page=1&productsPage=2&seriesPage=2&type=recommend&uniquePage=2 HTTP/1.1 200 859 - 30.101 ms
::1 - GET /upload/images/d_11_l.png HTTP/1.1 200 154861 - 32.106 ms
::1 - GET /upload/images/d_2_l.png HTTP/1.1 200 404617 - 29.412 ms
::1 - GET /upload/images/d_1_l.png HTTP/1.1 200 238006 - 42.304 ms
::1 - GET /upload/images/d_6_l.png HTTP/1.1 200 383585 - 23.438 ms
::1 - GET /upload/images/d_8_l.png HTTP/1.1 200 341292 - 58.081 ms
::1 - GET /upload/images/d_4_l.png HTTP/1.1 200 374201 - 57.255 ms
::1 - GET / HTTP/1.1 200 - - 1.141 ms
::1 - GET /styles/bootstrap.css HTTP/1.1 200 - - 1.149 ms
::1 - GET /styles/main.css HTTP/1.1 200 - - 1.822 ms
::1 - GET /styles/nprogress.css HTTP/1.1 200 - - 2.203 ms
::1 - GET /styles/wangEditor.css HTTP/1.1 200 - - 3.031 ms
::1 - GET /scripts/index.js HTTP/1.1 200 - - 1.838 ms
::1 - GET /scripts/angular-all.js HTTP/1.1 200 - - 2.106 ms
::1 - GET /api/permission HTTP/1.1 200 - - 0.447 ms
::1 - GET /scripts/channel_manage/view/recommends.html HTTP/1.1 200 - - 0.625 ms
::1 - GET /fonts/glyphicons-halflings-regular.woff HTTP/1.1 200 23320 - 0.848 ms
::1 - GET /api/recommends HTTP/1.1 200 777 - 15.415 ms
::1 - GET /upload/images/d_4.png HTTP/1.1 200 99333 - 1.060 ms
::1 - GET /upload/images/class.png HTTP/1.1 200 29000 - 2.823 ms
::1 - GET /upload/images/d_2.png HTTP/1.1 200 116427 - 2.824 ms
